Starting linting the current package at /home/russellmeng21/go/src/around/backend
Starting linting the current package at /home/russellmeng21/go/src/around/backend
Starting linting the current package at /home/russellmeng21/go/src/around/backend
Starting linting the current package at /home/russellmeng21/go/src/around/backend
Starting linting the current package at /home/russellmeng21/go/src/around/backend
Starting linting the current package at /home/russellmeng21/go/src/around/backend
Starting linting the current package at /home/russellmeng21/go/src/around/backend
Starting linting the current package at /home/russellmeng21/go/src/around/backend
Starting linting the current package at /home/russellmeng21/go/src/around/backend
Starting linting the current package at /home/russellmeng21/go/src/around/handler
Starting linting the current package at /home/russellmeng21/go/src/around/handler
Starting linting the current package at /home/russellmeng21/go/src/around/handler
Starting linting the current package at /home/russellmeng21/go/src/around/handler
Starting linting the current package at /home/russellmeng21/go/src/around/handler
Starting linting the current package at /home/russellmeng21/go/src/around/service
Starting linting the current package at /home/russellmeng21/go/src/around/service
Starting linting the current package at /home/russellmeng21/go/src/around/service
Starting linting the current package at /home/russellmeng21/go/src/around/service
Starting linting the current package at /home/russellmeng21/go/src/around/handler
Starting linting the current package at /home/russellmeng21/go/src/around/handler
Starting linting the current package at /home/russellmeng21/go/src/around/handler
Starting linting the current package at /home/russellmeng21/go/src/around/handler
Starting linting the current package at /home/russellmeng21/go/src/around/handler
Starting linting the current package at /home/russellmeng21/go/src/around/handler
Starting linting the current package at /home/russellmeng21/go/src/around/handler
Starting linting the current package at /home/russellmeng21/go/src/around/handler
Starting linting the current package at /home/russellmeng21/go/src/around/handler
Starting linting the current package at /home/russellmeng21/go/src/around/handler
Starting linting the current package at /home/russellmeng21/go/src/around
Starting linting the current package at /home/russellmeng21/go/src/around
Starting linting the current package at /home/russellmeng21/go/src/around
Starting linting the current package at /home/russellmeng21/go/src/around/constants
