[2022-09-08T03:17:06.398Z] Log level: Info
[2022-09-08T03:17:06.409Z] [info] Validating found git in: git
[2022-09-08T03:17:06.463Z] [info] Using git 2.17.1 from git
[2022-09-08T03:17:06.507Z] > git rev-parse --show-toplevel [17ms]
[2022-09-08T03:17:06.520Z] > git rev-parse --git-dir --git-common-dir [3ms]
[2022-09-08T03:17:06.530Z] [info] Open repository: /home/russellmeng21
[2022-09-08T03:17:06.975Z] > git ls-files --stage -- /home/russellmeng21/.ssh/authorized_keys [3ms]
[2022-09-08T03:17:06.978Z] > git show --textconv :.ssh/authorized_keys [13ms]
[2022-09-08T03:17:07.078Z] > git check-ignore -v -z --stdin [4ms]
[2022-09-08T03:17:07.767Z] > git status -z -uall [1227ms]
[2022-09-08T03:19:47.162Z] > git check-ignore -v -z --stdin [2ms]
[2022-09-08T03:19:48.391Z] > git show --textconv :.bash_history [5ms]
[2022-09-08T03:19:48.393Z] > git ls-files --stage -- /home/russellmeng21/.bash_history [3ms]
[2022-09-08T03:19:49.131Z] > git show --textconv :.bash_logout [15ms]
[2022-09-08T03:19:49.161Z] > git ls-files --stage -- /home/russellmeng21/.bash_logout [36ms]
[2022-09-08T03:19:49.627Z] > git show --textconv :.bashrc [6ms]
[2022-09-08T03:19:49.627Z] > git ls-files --stage -- /home/russellmeng21/.bashrc [1ms]
[2022-09-08T03:19:50.578Z] > git show --textconv :.profile [4ms]
[2022-09-08T03:19:50.580Z] > git ls-files --stage -- /home/russellmeng21/.profile [3ms]
[2022-09-08T03:20:00.306Z] > git show --textconv :.bashrc [5ms]
[2022-09-08T03:20:00.308Z] > git ls-files --stage -- /home/russellmeng21/.bashrc [3ms]
[2022-09-08T03:20:13.047Z] > git show --textconv :.profile [6ms]
[2022-09-08T03:20:13.047Z] > git ls-files --stage -- /home/russellmeng21/.profile [1ms]
[2022-09-08T03:20:26.381Z] > git show --textconv :.bash_logout [4ms]
[2022-09-08T03:20:26.382Z] > git ls-files --stage -- /home/russellmeng21/.bash_logout [1ms]
[2022-09-08T03:20:48.109Z] > git check-ignore -v -z --stdin [1ms]
[2022-09-08T03:20:49.756Z] > git check-ignore -v -z --stdin [2ms]
[2022-09-08T03:20:50.695Z] > git check-ignore -v -z --stdin [1ms]
[2022-09-08T03:20:55.585Z] > git check-ignore -v -z --stdin [2ms]
