[2022-08-07 21:02:32.178] [exthost] [info] Extension host with pid 5176 started
[2022-08-07 21:02:32.233] [exthost] [info] Lock '/home/russellmeng21/.vscode-server/data/User/workspaceStorage/c8cb1820363efe9126a907e475b77324/vscode.lock': Lock acquired.
[2022-08-07 21:02:32.317] [exthost] [info] ExtensionService#_doActivateExtension golang.go, startup: false, activationEvent: 'onLanguage:go'
[2022-08-07 21:02:32.569] [exthost] [info] ExtensionService#_doActivateExtension vscode.debug-auto-launch, startup: true, activationEvent: '*'
[2022-08-07 21:02:32.575] [exthost] [info] ExtensionService#_doActivateExtension vscode.git-base, startup: true, activationEvent: '*', root cause: vscode.git
[2022-08-07 21:02:32.581] [exthost] [info] ExtensionService#_doActivateExtension vscode.ipynb, startup: true, activationEvent: '*'
[2022-08-07 21:02:32.691] [exthost] [info] ExtensionService#_doActivateExtension vscode.git, startup: true, activationEvent: '*'
[2022-08-07 21:02:32.769] [exthost] [info] ExtensionService#_doActivateExtension vscode.github, startup: true, activationEvent: '*'
[2022-08-07 21:02:33.359] [exthost] [info] ExtensionService#_doActivateExtension vscode.emmet, startup: false, activationEvent: 'onStartupFinished'
[2022-08-07 21:02:33.384] [exthost] [info] ExtensionService#_doActivateExtension vscode.merge-conflict, startup: false, activationEvent: 'onStartupFinished'
[2022-08-07 21:02:33.390] [exthost] [info] Eager extensions activated
[2022-08-07 22:35:35.891] [exthost] [error] [golang.go] provider FAILED
[2022-08-07 22:35:35.893] [exthost] [error] Error: context canceled
	at handleResponse (/home/russellmeng21/.vscode-server/extensions/golang.go-0.35.1/dist/goMain.js:4470:40)
	at processMessageQueue (/home/russellmeng21/.vscode-server/extensions/golang.go-0.35.1/dist/goMain.js:4293:13)
	at Immediate.<anonymous> (/home/russellmeng21/.vscode-server/extensions/golang.go-0.35.1/dist/goMain.js:4279:11)
	at processImmediate (node:internal/timers:464:21)
[2022-08-07 22:59:33.071] [exthost] [info] Extension host terminating: received terminate message from renderer
[2022-08-07 22:59:33.072] [exthost] [info] Lock '/home/russellmeng21/.vscode-server/data/User/workspaceStorage/c8cb1820363efe9126a907e475b77324/vscode.lock': Marking the lockfile as scheduled to be released in 6000 ms.
[2022-08-07 22:59:33.093] [exthost] [info] Extension host with pid 5176 exiting with code 0
