[2022-08-07T21:02:33.000Z] Log level: Info
[2022-08-07T21:02:33.015Z] [info] Validating found git in: git
[2022-08-07T21:02:33.153Z] [info] Using git 2.17.1 from git
[2022-08-07T21:02:33.242Z] > git rev-parse --show-toplevel [52ms]
[2022-08-07T21:02:33.242Z] fatal: not a git repository (or any of the parent directories): .git
[2022-08-07T21:02:33.252Z] > git rev-parse --show-toplevel [1ms]
[2022-08-07T21:02:33.252Z] fatal: not a git repository (or any of the parent directories): .git
[2022-08-07T21:02:33.260Z] > git rev-parse --show-toplevel [3ms]
[2022-08-07T21:02:33.260Z] fatal: not a git repository (or any of the parent directories): .git
[2022-08-07T21:02:33.267Z] > git rev-parse --show-toplevel [3ms]
[2022-08-07T21:02:33.267Z] fatal: not a git repository (or any of the parent directories): .git
[2022-08-07T21:02:33.271Z] > git rev-parse --show-toplevel [2ms]
[2022-08-07T21:02:33.271Z] fatal: not a git repository (or any of the parent directories): .git
[2022-08-07T21:02:33.281Z] > git rev-parse --show-toplevel [6ms]
[2022-08-07T21:02:33.281Z] fatal: not a git repository (or any of the parent directories): .git
[2022-08-07T21:02:33.705Z] > git rev-parse --show-toplevel [8ms]
[2022-08-07T21:02:33.705Z] fatal: not a git repository (or any of the parent directories): .git
[2022-08-07T21:02:33.743Z] > git rev-parse --show-toplevel [2ms]
[2022-08-07T21:02:33.743Z] fatal: not a git repository (or any of the parent directories): .git
[2022-08-07T21:02:33.762Z] > git rev-parse --show-toplevel [11ms]
[2022-08-07T21:02:33.762Z] fatal: not a git repository (or any of the parent directories): .git
[2022-08-07T21:02:39.084Z] > git rev-parse --show-toplevel [7ms]
[2022-08-07T21:02:39.084Z] fatal: not a git repository (or any of the parent directories): .git
[2022-08-07T21:06:44.885Z] > git rev-parse --show-toplevel [3ms]
[2022-08-07T21:06:44.886Z] fatal: not a git repository (or any of the parent directories): .git
[2022-08-07T21:06:46.809Z] > git rev-parse --show-toplevel [8ms]
[2022-08-07T21:06:46.809Z] fatal: not a git repository (or any of the parent directories): .git
[2022-08-07T21:07:04.605Z] > git rev-parse --show-toplevel [2ms]
[2022-08-07T21:07:04.605Z] fatal: not a git repository (or any of the parent directories): .git
[2022-08-07T21:07:12.916Z] > git rev-parse --show-toplevel [2ms]
[2022-08-07T21:07:12.916Z] fatal: not a git repository (or any of the parent directories): .git
[2022-08-07T21:07:29.515Z] > git rev-parse --show-toplevel [13ms]
[2022-08-07T21:07:29.515Z] fatal: not a git repository (or any of the parent directories): .git
[2022-08-07T21:08:09.710Z] > git rev-parse --show-toplevel [7ms]
[2022-08-07T21:08:09.710Z] fatal: not a git repository (or any of the parent directories): .git
[2022-08-07T21:13:47.866Z] > git rev-parse --show-toplevel [13ms]
[2022-08-07T21:13:47.866Z] fatal: not a git repository (or any of the parent directories): .git
[2022-08-07T21:14:20.096Z] > git rev-parse --show-toplevel [12ms]
[2022-08-07T21:14:20.096Z] fatal: not a git repository (or any of the parent directories): .git
[2022-08-07T21:14:20.939Z] > git rev-parse --show-toplevel [6ms]
[2022-08-07T21:14:20.939Z] fatal: not a git repository (or any of the parent directories): .git
[2022-08-07T21:45:03.009Z] > git rev-parse --show-toplevel [8ms]
[2022-08-07T21:45:03.009Z] fatal: not a git repository (or any of the parent directories): .git
[2022-08-07T21:45:20.649Z] > git rev-parse --show-toplevel [6ms]
[2022-08-07T21:45:20.649Z] fatal: not a git repository (or any of the parent directories): .git
[2022-08-07T21:45:27.939Z] > git rev-parse --show-toplevel [7ms]
[2022-08-07T21:45:27.939Z] fatal: not a git repository (or any of the parent directories): .git
[2022-08-07T21:45:28.446Z] > git rev-parse --show-toplevel [9ms]
[2022-08-07T21:45:28.446Z] fatal: not a git repository (or any of the parent directories): .git
[2022-08-07T21:45:29.070Z] > git rev-parse --show-toplevel [9ms]
[2022-08-07T21:45:29.070Z] fatal: not a git repository (or any of the parent directories): .git
[2022-08-07T21:45:30.469Z] > git rev-parse --show-toplevel [10ms]
[2022-08-07T21:45:30.469Z] fatal: not a git repository (or any of the parent directories): .git
[2022-08-07T21:46:30.991Z] > git rev-parse --show-toplevel [7ms]
[2022-08-07T21:46:30.991Z] fatal: not a git repository (or any of the parent directories): .git
[2022-08-07T21:47:15.000Z] > git rev-parse --show-toplevel [7ms]
[2022-08-07T21:47:15.000Z] fatal: not a git repository (or any of the parent directories): .git
[2022-08-07T21:47:36.949Z] > git rev-parse --show-toplevel [5ms]
[2022-08-07T21:47:36.949Z] fatal: not a git repository (or any of the parent directories): .git
[2022-08-07T22:35:21.802Z] > git rev-parse --show-toplevel [9ms]
[2022-08-07T22:35:21.802Z] fatal: not a git repository (or any of the parent directories): .git
[2022-08-07T22:36:48.715Z] > git rev-parse --show-toplevel [6ms]
[2022-08-07T22:36:48.715Z] fatal: not a git repository (or any of the parent directories): .git
[2022-08-07T22:36:53.346Z] > git rev-parse --show-toplevel [8ms]
[2022-08-07T22:36:53.346Z] fatal: not a git repository (or any of the parent directories): .git
[2022-08-07T22:40:37.102Z] > git rev-parse --show-toplevel [13ms]
[2022-08-07T22:40:37.102Z] fatal: not a git repository (or any of the parent directories): .git
[2022-08-07T22:44:48.712Z] > git rev-parse --show-toplevel [8ms]
[2022-08-07T22:44:48.712Z] fatal: not a git repository (or any of the parent directories): .git
