[2022-08-14T21:14:15.897Z] Log level: Info
[2022-08-14T21:14:15.912Z] [info] Validating found git in: git
[2022-08-14T21:14:15.976Z] [info] Using git 2.17.1 from git
[2022-08-14T21:14:16.025Z] > git rev-parse --show-toplevel [19ms]
[2022-08-14T21:14:16.025Z] fatal: not a git repository (or any of the parent directories): .git
[2022-08-14T21:14:16.100Z] > git rev-parse --show-toplevel [63ms]
[2022-08-14T21:14:16.100Z] fatal: not a git repository (or any of the parent directories): .git
[2022-08-14T21:14:16.122Z] > git rev-parse --show-toplevel [16ms]
[2022-08-14T21:14:16.122Z] fatal: not a git repository (or any of the parent directories): .git
[2022-08-14T21:14:16.147Z] > git rev-parse --show-toplevel [20ms]
[2022-08-14T21:14:16.147Z] fatal: not a git repository (or any of the parent directories): .git
[2022-08-14T21:14:16.159Z] > git rev-parse --show-toplevel [4ms]
[2022-08-14T21:14:16.159Z] fatal: not a git repository (or any of the parent directories): .git
[2022-08-14T21:14:16.182Z] > git rev-parse --show-toplevel [1ms]
[2022-08-14T21:14:16.182Z] fatal: not a git repository (or any of the parent directories): .git
[2022-08-14T21:14:16.241Z] > git rev-parse --show-toplevel [31ms]
[2022-08-14T21:14:16.241Z] fatal: not a git repository (or any of the parent directories): .git
[2022-08-14T21:14:16.358Z] > git rev-parse --show-toplevel [94ms]
[2022-08-14T21:14:16.358Z] fatal: not a git repository (or any of the parent directories): .git
[2022-08-14T21:14:16.383Z] > git rev-parse --show-toplevel [20ms]
[2022-08-14T21:14:16.383Z] fatal: not a git repository (or any of the parent directories): .git
[2022-08-14T21:14:16.414Z] > git rev-parse --show-toplevel [24ms]
[2022-08-14T21:14:16.414Z] fatal: not a git repository (or any of the parent directories): .git
[2022-08-14T21:14:16.433Z] > git rev-parse --show-toplevel [10ms]
[2022-08-14T21:14:16.433Z] fatal: not a git repository (or any of the parent directories): .git
[2022-08-14T21:15:03.276Z] > git rev-parse --show-toplevel [2ms]
[2022-08-14T21:15:03.276Z] fatal: not a git repository (or any of the parent directories): .git
[2022-08-14T21:15:14.392Z] > git rev-parse --show-toplevel [7ms]
[2022-08-14T21:15:14.392Z] fatal: not a git repository (or any of the parent directories): .git
[2022-08-14T21:16:28.300Z] > git rev-parse --show-toplevel [18ms]
[2022-08-14T21:16:28.300Z] fatal: not a git repository (or any of the parent directories): .git
[2022-08-14T21:16:28.734Z] > git rev-parse --show-toplevel [6ms]
[2022-08-14T21:16:28.734Z] fatal: not a git repository (or any of the parent directories): .git
[2022-08-14T21:36:59.334Z] > git rev-parse --show-toplevel [1ms]
[2022-08-14T21:36:59.334Z] fatal: not a git repository (or any of the parent directories): .git
[2022-08-14T21:37:13.303Z] > git rev-parse --show-toplevel [8ms]
[2022-08-14T21:37:13.303Z] fatal: not a git repository (or any of the parent directories): .git
[2022-08-14T21:37:37.376Z] > git rev-parse --show-toplevel [1ms]
[2022-08-14T21:37:37.376Z] fatal: not a git repository (or any of the parent directories): .git
[2022-08-14T21:44:04.032Z] > git rev-parse --show-toplevel [15ms]
[2022-08-14T21:44:04.032Z] fatal: not a git repository (or any of the parent directories): .git
[2022-08-14T21:47:06.983Z] > git rev-parse --show-toplevel [10ms]
[2022-08-14T21:47:06.983Z] fatal: not a git repository (or any of the parent directories): .git
[2022-08-14T21:48:02.584Z] > git rev-parse --show-toplevel [7ms]
[2022-08-14T21:48:02.585Z] fatal: not a git repository (or any of the parent directories): .git
[2022-08-14T21:48:36.563Z] > git rev-parse --show-toplevel [10ms]
[2022-08-14T21:48:36.563Z] fatal: not a git repository (or any of the parent directories): .git
[2022-08-14T21:48:58.360Z] > git rev-parse --show-toplevel [7ms]
[2022-08-14T21:48:58.360Z] fatal: not a git repository (or any of the parent directories): .git
[2022-08-14T21:49:58.800Z] > git rev-parse --show-toplevel [9ms]
[2022-08-14T21:49:58.800Z] fatal: not a git repository (or any of the parent directories): .git
[2022-08-14T21:51:16.922Z] > git rev-parse --show-toplevel [6ms]
[2022-08-14T21:51:16.922Z] fatal: not a git repository (or any of the parent directories): .git
