[Info  - 7:46:13 PM] 2022/08/08 19:46:13 go env for /home/russellmeng21
(root /home/russellmeng21/go/src/around)
(go version go version go1.18.4 linux/amd64)
(valid build configuration = true)
(build flags: [])
GOMODCACHE=/home/russellmeng21/go/pkg/mod
GOSUMDB=sum.golang.org
GOMOD=/dev/null
GONOPROXY=
GOPRIVATE=
GOCACHE=/home/russellmeng21/.cache/go-build
GOPROXY=https://proxy.golang.org,direct
GOROOT=/usr/lib/go-1.18
GOFLAGS=
GOWORK=
GONOSUMDB=
GO111MODULE=
GOINSECURE=
GOPATH=/home/russellmeng21/go


[Info  - 7:46:14 PM] 2022/08/08 19:46:14 go/packages.Load #1
	snapshot=0
	directory=/home/russellmeng21/go/src/around
	query=[around/... builtin]
	packages=7

[Info  - 7:46:14 PM] 2022/08/08 19:46:14 go/packages.Load #1: updating metadata for 347 packages

[Info  - 7:46:16 PM] 2022/08/08 19:46:16 falling back to safe trimming due to type errors: [/usr/lib/go-1.18/src/runtime/vdso_linux.go:53:38: invalid operation: division by zero /usr/lib/go-1.18/src/runtime/vdso_linux.go:54:38: invalid operation: division by zero] or still-missing identifiers: map[memRecordCycle:true pageBits:true]
	package="runtime"

[Info  - 7:46:16 PM] 2022/08/08 19:46:16 discovered missing identifiers: map[options:true]
	package="vendor/golang.org/x/text/unicode/bidi"

[Info  - 7:46:17 PM] 2022/08/08 19:46:17 discovered missing identifiers: map[debugMethod:true]
	package="net/rpc"

[Error - 7:46:18 PM] 2022/08/08 19:46:18 tidy: diagnosing file:///home/russellmeng21/go/src/around/go.mod: err: exit status 1: stderr: go: downloading github.com/smartystreets/goconvey v1.6.4
go: downloading github.com/urfave/negroni v1.0.0
go: downloading github.com/fortytw2/leaktest v1.3.0
go: downloading github.com/google/martian/v3 v3.2.1
around/backend imports
	github.com/olivere/elastic/v7 tested by
	github.com/olivere/elastic/v7.test imports
	github.com/fortytw2/leaktest: module lookup disabled by GOPROXY=off
around/handler imports
	github.com/auth0/go-jwt-middleware tested by
	github.com/auth0/go-jwt-middleware.test imports
	github.com/smartystreets/goconvey/convey: module lookup disabled by GOPROXY=off
around/handler imports
	github.com/auth0/go-jwt-middleware tested by
	github.com/auth0/go-jwt-middleware.test imports
	github.com/urfave/negroni: module lookup disabled by GOPROXY=off
around/backend imports
	cloud.google.com/go/storage tested by
	cloud.google.com/go/storage.test imports
	cloud.google.com/go/httpreplay imports
	cloud.google.com/go/httpreplay/internal/proxy imports
	github.com/google/martian/v3: module lookup disabled by GOPROXY=off
around/backend imports
	cloud.google.com/go/storage tested by
	cloud.google.com/go/storage.test imports
	cloud.google.com/go/httpreplay imports
	cloud.google.com/go/httpreplay/internal/proxy imports
	github.com/google/martian/v3/fifo: module lookup disabled by GOPROXY=off
around/backend imports
	cloud.google.com/go/storage tested by
	cloud.google.com/go/storage.test imports
	cloud.google.com/go/httpreplay imports
	cloud.google.com/go/httpreplay/internal/proxy imports
	github.com/google/martian/v3/httpspec: module lookup disabled by GOPROXY=off
around/backend imports
	cloud.google.com/go/storage tested by
	cloud.google.com/go/storage.test imports
	cloud.google.com/go/httpreplay imports
	cloud.google.com/go/httpreplay/internal/proxy imports
	github.com/google/martian/v3/martianlog: module lookup disabled by GOPROXY=off
around/backend imports
	cloud.google.com/go/storage tested by
	cloud.google.com/go/storage.test imports
	cloud.google.com/go/httpreplay imports
	cloud.google.com/go/httpreplay/internal/proxy imports
	github.com/google/martian/v3/mitm: module lookup disabled by GOPROXY=off


[Error - 7:46:19 PM] 2022/08/08 19:46:19 tidy: diagnosing file:///home/russellmeng21/go/src/around/go.mod: err: exit status 1: stderr: go: downloading github.com/smartystreets/goconvey v1.6.4
go: downloading github.com/urfave/negroni v1.0.0
go: downloading github.com/fortytw2/leaktest v1.3.0
go: downloading github.com/google/martian/v3 v3.2.1
around/backend imports
	github.com/olivere/elastic/v7 tested by
	github.com/olivere/elastic/v7.test imports
	github.com/fortytw2/leaktest: module lookup disabled by GOPROXY=off
around/handler imports
	github.com/auth0/go-jwt-middleware tested by
	github.com/auth0/go-jwt-middleware.test imports
	github.com/smartystreets/goconvey/convey: module lookup disabled by GOPROXY=off
around/handler imports
	github.com/auth0/go-jwt-middleware tested by
	github.com/auth0/go-jwt-middleware.test imports
	github.com/urfave/negroni: module lookup disabled by GOPROXY=off
around/backend imports
	cloud.google.com/go/storage tested by
	cloud.google.com/go/storage.test imports
	cloud.google.com/go/httpreplay imports
	cloud.google.com/go/httpreplay/internal/proxy imports
	github.com/google/martian/v3: module lookup disabled by GOPROXY=off
around/backend imports
	cloud.google.com/go/storage tested by
	cloud.google.com/go/storage.test imports
	cloud.google.com/go/httpreplay imports
	cloud.google.com/go/httpreplay/internal/proxy imports
	github.com/google/martian/v3/fifo: module lookup disabled by GOPROXY=off
around/backend imports
	cloud.google.com/go/storage tested by
	cloud.google.com/go/storage.test imports
	cloud.google.com/go/httpreplay imports
	cloud.google.com/go/httpreplay/internal/proxy imports
	github.com/google/martian/v3/httpspec: module lookup disabled by GOPROXY=off
around/backend imports
	cloud.google.com/go/storage tested by
	cloud.google.com/go/storage.test imports
	cloud.google.com/go/httpreplay imports
	cloud.google.com/go/httpreplay/internal/proxy imports
	github.com/google/martian/v3/martianlog: module lookup disabled by GOPROXY=off
around/backend imports
	cloud.google.com/go/storage tested by
	cloud.google.com/go/storage.test imports
	cloud.google.com/go/httpreplay imports
	cloud.google.com/go/httpreplay/internal/proxy imports
	github.com/google/martian/v3/mitm: module lookup disabled by GOPROXY=off


