[2022-08-06 17:11:13.566] [exthost] [info] Extension host with pid 32157 started
[2022-08-06 17:11:13.581] [exthost] [info] Lock '/home/russellmeng21/.vscode-server/data/User/workspaceStorage/c8cb1820363efe9126a907e475b77324/vscode.lock': Lock acquired.
[2022-08-06 17:11:13.669] [exthost] [info] ExtensionService#_doActivateExtension golang.go, startup: false, activationEvent: 'onLanguage:go'
[2022-08-06 17:11:14.041] [exthost] [info] ExtensionService#_doActivateExtension vscode.debug-auto-launch, startup: true, activationEvent: '*'
[2022-08-06 17:11:14.047] [exthost] [info] ExtensionService#_doActivateExtension vscode.git-base, startup: true, activationEvent: '*', root cause: vscode.git
[2022-08-06 17:11:14.054] [exthost] [info] ExtensionService#_doActivateExtension vscode.ipynb, startup: true, activationEvent: '*'
[2022-08-06 17:11:14.173] [exthost] [info] ExtensionService#_doActivateExtension vscode.git, startup: true, activationEvent: '*'
[2022-08-06 17:11:14.349] [exthost] [info] ExtensionService#_doActivateExtension vscode.github, startup: true, activationEvent: '*'
[2022-08-06 17:11:17.373] [exthost] [info] ExtensionService#_doActivateExtension vscode.emmet, startup: false, activationEvent: 'onStartupFinished'
[2022-08-06 17:11:17.398] [exthost] [info] ExtensionService#_doActivateExtension vscode.merge-conflict, startup: false, activationEvent: 'onStartupFinished'
[2022-08-06 17:11:17.405] [exthost] [info] Eager extensions activated
[2022-08-06 21:41:43.176] [exthost] [error] [golang.go] provider FAILED
[2022-08-06 21:41:43.184] [exthost] [error] Error: context canceled
	at handleResponse (/home/russellmeng21/.vscode-server/extensions/golang.go-0.35.1/dist/goMain.js:4470:40)
	at processMessageQueue (/home/russellmeng21/.vscode-server/extensions/golang.go-0.35.1/dist/goMain.js:4293:13)
	at Immediate.<anonymous> (/home/russellmeng21/.vscode-server/extensions/golang.go-0.35.1/dist/goMain.js:4279:11)
	at processImmediate (node:internal/timers:464:21)
[2022-08-06 23:05:50.900] [exthost] [info] Extension host terminating: received terminate message from renderer
[2022-08-06 23:05:50.902] [exthost] [info] Lock '/home/russellmeng21/.vscode-server/data/User/workspaceStorage/c8cb1820363efe9126a907e475b77324/vscode.lock': Marking the lockfile as scheduled to be released in 6000 ms.
[2022-08-06 23:05:50.931] [exthost] [info] Extension host with pid 32157 exiting with code 0
