[Info  - 8:14:23 PM] 2022/08/26 20:14:23 go env for /home/russellmeng21
(root /home/russellmeng21/go/src/around)
(go version go version go1.18.4 linux/amd64)
(valid build configuration = true)
(build flags: [])
GOCACHE=/home/russellmeng21/.cache/go-build
GOMODCACHE=/home/russellmeng21/go/pkg/mod
GOROOT=/usr/lib/go-1.18
GOINSECURE=
GOPATH=/home/russellmeng21/go
GOPROXY=https://proxy.golang.org,direct
GOWORK=
GO111MODULE=
GONOPROXY=
GOFLAGS=
GOMOD=/dev/null
GONOSUMDB=
GOSUMDB=sum.golang.org
GOPRIVATE=


[Info  - 8:14:23 PM] 2022/08/26 20:14:23 go/packages.Load #1
	snapshot=0
	directory=/home/russellmeng21/go/src/around
	query=[around/... builtin]
	packages=8

[Info  - 8:14:23 PM] 2022/08/26 20:14:23 go/packages.Load #1: updating metadata for 352 packages

[Info  - 8:14:24 PM] 2022/08/26 20:14:24 falling back to safe trimming due to type errors: [/usr/lib/go-1.18/src/runtime/vdso_linux.go:53:38: invalid operation: division by zero /usr/lib/go-1.18/src/runtime/vdso_linux.go:54:38: invalid operation: division by zero] or still-missing identifiers: map[memRecordCycle:true pageBits:true]
	package="runtime"

[Info  - 8:14:25 PM] 2022/08/26 20:14:25 discovered missing identifiers: map[options:true]
	package="vendor/golang.org/x/text/unicode/bidi"

[Info  - 8:14:26 PM] 2022/08/26 20:14:26 discovered missing identifiers: map[debugMethod:true]
	package="net/rpc"

[Error - 8:14:27 PM] 2022/08/26 20:14:27 tidy: diagnosing file:///home/russellmeng21/go/src/around/go.mod: err: exit status 1: stderr: go: downloading github.com/smartystreets/goconvey v1.6.4
go: downloading github.com/urfave/negroni v1.0.0
go: downloading gopkg.in/check.v1 v1.0.0-20180628173108-788fd7840127
go: downloading github.com/fortytw2/leaktest v1.3.0
go: downloading github.com/google/martian/v3 v3.2.1
around/backend imports
	github.com/olivere/elastic/v7 tested by
	github.com/olivere/elastic/v7.test imports
	github.com/fortytw2/leaktest: module lookup disabled by GOPROXY=off
around/handler imports
	github.com/auth0/go-jwt-middleware tested by
	github.com/auth0/go-jwt-middleware.test imports
	github.com/smartystreets/goconvey/convey: module lookup disabled by GOPROXY=off
around/handler imports
	github.com/auth0/go-jwt-middleware tested by
	github.com/auth0/go-jwt-middleware.test imports
	github.com/urfave/negroni: module lookup disabled by GOPROXY=off
around/util imports
	gopkg.in/yaml.v2 tested by
	gopkg.in/yaml.v2.test imports
	gopkg.in/check.v1: module lookup disabled by GOPROXY=off
around/backend imports
	cloud.google.com/go/storage tested by
	cloud.google.com/go/storage.test imports
	cloud.google.com/go/httpreplay imports
	cloud.google.com/go/httpreplay/internal/proxy imports
	github.com/google/martian/v3: module lookup disabled by GOPROXY=off
around/backend imports
	cloud.google.com/go/storage tested by
	cloud.google.com/go/storage.test imports
	cloud.google.com/go/httpreplay imports
	cloud.google.com/go/httpreplay/internal/proxy imports
	github.com/google/martian/v3/fifo: module lookup disabled by GOPROXY=off
around/backend imports
	cloud.google.com/go/storage tested by
	cloud.google.com/go/storage.test imports
	cloud.google.com/go/httpreplay imports
	cloud.google.com/go/httpreplay/internal/proxy imports
	github.com/google/martian/v3/httpspec: module lookup disabled by GOPROXY=off
around/backend imports
	cloud.google.com/go/storage tested by
	cloud.google.com/go/storage.test imports
	cloud.google.com/go/httpreplay imports
	cloud.google.com/go/httpreplay/internal/proxy imports
	github.com/google/martian/v3/martianlog: module lookup disabled by GOPROXY=off
around/backend imports
	cloud.google.com/go/storage tested by
	cloud.google.com/go/storage.test imports
	cloud.google.com/go/httpreplay imports
	cloud.google.com/go/httpreplay/internal/proxy imports
	github.com/google/martian/v3/mitm: module lookup disabled by GOPROXY=off


[Error - 8:14:27 PM] 2022/08/26 20:14:27 tidy: diagnosing file:///home/russellmeng21/go/src/around/go.mod: err: exit status 1: stderr: go: downloading github.com/smartystreets/goconvey v1.6.4
go: downloading github.com/urfave/negroni v1.0.0
go: downloading gopkg.in/check.v1 v1.0.0-20180628173108-788fd7840127
go: downloading github.com/fortytw2/leaktest v1.3.0
go: downloading github.com/google/martian/v3 v3.2.1
around/backend imports
	github.com/olivere/elastic/v7 tested by
	github.com/olivere/elastic/v7.test imports
	github.com/fortytw2/leaktest: module lookup disabled by GOPROXY=off
around/handler imports
	github.com/auth0/go-jwt-middleware tested by
	github.com/auth0/go-jwt-middleware.test imports
	github.com/smartystreets/goconvey/convey: module lookup disabled by GOPROXY=off
around/handler imports
	github.com/auth0/go-jwt-middleware tested by
	github.com/auth0/go-jwt-middleware.test imports
	github.com/urfave/negroni: module lookup disabled by GOPROXY=off
around/util imports
	gopkg.in/yaml.v2 tested by
	gopkg.in/yaml.v2.test imports
	gopkg.in/check.v1: module lookup disabled by GOPROXY=off
around/backend imports
	cloud.google.com/go/storage tested by
	cloud.google.com/go/storage.test imports
	cloud.google.com/go/httpreplay imports
	cloud.google.com/go/httpreplay/internal/proxy imports
	github.com/google/martian/v3: module lookup disabled by GOPROXY=off
around/backend imports
	cloud.google.com/go/storage tested by
	cloud.google.com/go/storage.test imports
	cloud.google.com/go/httpreplay imports
	cloud.google.com/go/httpreplay/internal/proxy imports
	github.com/google/martian/v3/fifo: module lookup disabled by GOPROXY=off
around/backend imports
	cloud.google.com/go/storage tested by
	cloud.google.com/go/storage.test imports
	cloud.google.com/go/httpreplay imports
	cloud.google.com/go/httpreplay/internal/proxy imports
	github.com/google/martian/v3/httpspec: module lookup disabled by GOPROXY=off
around/backend imports
	cloud.google.com/go/storage tested by
	cloud.google.com/go/storage.test imports
	cloud.google.com/go/httpreplay imports
	cloud.google.com/go/httpreplay/internal/proxy imports
	github.com/google/martian/v3/martianlog: module lookup disabled by GOPROXY=off
around/backend imports
	cloud.google.com/go/storage tested by
	cloud.google.com/go/storage.test imports
	cloud.google.com/go/httpreplay imports
	cloud.google.com/go/httpreplay/internal/proxy imports
	github.com/google/martian/v3/mitm: module lookup disabled by GOPROXY=off


[Error - 8:14:36 PM] 2022/08/26 20:14:36 tidy: diagnosing file:///home/russellmeng21/go/src/around/go.mod: err: exit status 1: stderr: go: downloading github.com/smartystreets/goconvey v1.6.4
go: downloading github.com/urfave/negroni v1.0.0
go: downloading gopkg.in/check.v1 v1.0.0-20180628173108-788fd7840127
go: downloading github.com/fortytw2/leaktest v1.3.0
go: downloading github.com/google/martian/v3 v3.2.1
around/backend imports
	github.com/olivere/elastic/v7 tested by
	github.com/olivere/elastic/v7.test imports
	github.com/fortytw2/leaktest: module lookup disabled by GOPROXY=off
around/handler imports
	github.com/auth0/go-jwt-middleware tested by
	github.com/auth0/go-jwt-middleware.test imports
	github.com/smartystreets/goconvey/convey: module lookup disabled by GOPROXY=off
around/handler imports
	github.com/auth0/go-jwt-middleware tested by
	github.com/auth0/go-jwt-middleware.test imports
	github.com/urfave/negroni: module lookup disabled by GOPROXY=off
around/util imports
	gopkg.in/yaml.v2 tested by
	gopkg.in/yaml.v2.test imports
	gopkg.in/check.v1: module lookup disabled by GOPROXY=off
around/backend imports
	cloud.google.com/go/storage tested by
	cloud.google.com/go/storage.test imports
	cloud.google.com/go/httpreplay imports
	cloud.google.com/go/httpreplay/internal/proxy imports
	github.com/google/martian/v3: module lookup disabled by GOPROXY=off
around/backend imports
	cloud.google.com/go/storage tested by
	cloud.google.com/go/storage.test imports
	cloud.google.com/go/httpreplay imports
	cloud.google.com/go/httpreplay/internal/proxy imports
	github.com/google/martian/v3/fifo: module lookup disabled by GOPROXY=off
around/backend imports
	cloud.google.com/go/storage tested by
	cloud.google.com/go/storage.test imports
	cloud.google.com/go/httpreplay imports
	cloud.google.com/go/httpreplay/internal/proxy imports
	github.com/google/martian/v3/httpspec: module lookup disabled by GOPROXY=off
around/backend imports
	cloud.google.com/go/storage tested by
	cloud.google.com/go/storage.test imports
	cloud.google.com/go/httpreplay imports
	cloud.google.com/go/httpreplay/internal/proxy imports
	github.com/google/martian/v3/martianlog: module lookup disabled by GOPROXY=off
around/backend imports
	cloud.google.com/go/storage tested by
	cloud.google.com/go/storage.test imports
	cloud.google.com/go/httpreplay imports
	cloud.google.com/go/httpreplay/internal/proxy imports
	github.com/google/martian/v3/mitm: module lookup disabled by GOPROXY=off


[Error - 8:17:05 PM] 2022/08/26 20:17:05 tidy: diagnosing file:///home/russellmeng21/go/src/around/go.mod: err: exit status 1: stderr: go: downloading github.com/smartystreets/goconvey v1.6.4
go: downloading github.com/urfave/negroni v1.0.0
go: downloading gopkg.in/check.v1 v1.0.0-20180628173108-788fd7840127
go: downloading github.com/fortytw2/leaktest v1.3.0
go: downloading github.com/google/martian/v3 v3.2.1
around/backend imports
	github.com/olivere/elastic/v7 tested by
	github.com/olivere/elastic/v7.test imports
	github.com/fortytw2/leaktest: module lookup disabled by GOPROXY=off
around/handler imports
	github.com/auth0/go-jwt-middleware tested by
	github.com/auth0/go-jwt-middleware.test imports
	github.com/smartystreets/goconvey/convey: module lookup disabled by GOPROXY=off
around/handler imports
	github.com/auth0/go-jwt-middleware tested by
	github.com/auth0/go-jwt-middleware.test imports
	github.com/urfave/negroni: module lookup disabled by GOPROXY=off
around/util imports
	gopkg.in/yaml.v2 tested by
	gopkg.in/yaml.v2.test imports
	gopkg.in/check.v1: module lookup disabled by GOPROXY=off
around/backend imports
	cloud.google.com/go/storage tested by
	cloud.google.com/go/storage.test imports
	cloud.google.com/go/httpreplay imports
	cloud.google.com/go/httpreplay/internal/proxy imports
	github.com/google/martian/v3: module lookup disabled by GOPROXY=off
around/backend imports
	cloud.google.com/go/storage tested by
	cloud.google.com/go/storage.test imports
	cloud.google.com/go/httpreplay imports
	cloud.google.com/go/httpreplay/internal/proxy imports
	github.com/google/martian/v3/fifo: module lookup disabled by GOPROXY=off
around/backend imports
	cloud.google.com/go/storage tested by
	cloud.google.com/go/storage.test imports
	cloud.google.com/go/httpreplay imports
	cloud.google.com/go/httpreplay/internal/proxy imports
	github.com/google/martian/v3/httpspec: module lookup disabled by GOPROXY=off
around/backend imports
	cloud.google.com/go/storage tested by
	cloud.google.com/go/storage.test imports
	cloud.google.com/go/httpreplay imports
	cloud.google.com/go/httpreplay/internal/proxy imports
	github.com/google/martian/v3/martianlog: module lookup disabled by GOPROXY=off
around/backend imports
	cloud.google.com/go/storage tested by
	cloud.google.com/go/storage.test imports
	cloud.google.com/go/httpreplay imports
	cloud.google.com/go/httpreplay/internal/proxy imports
	github.com/google/martian/v3/mitm: module lookup disabled by GOPROXY=off


